{"/home/jwmarsh16/Development/Code/projects/ask-flask/client/src/components/ChatBot.jsx": {"path":"/home/jwmarsh16/Development/Code/projects/ask-flask/client/src/components/ChatBot.jsx","all":false,"statementMap":{"0":{"start":{"line":1,"column":0},"end":{"line":1,"column":36}},"21":{"start":{"line":22,"column":0},"end":{"line":22,"column":105}},"22":{"start":{"line":23,"column":0},"end":{"line":23,"column":33}},"23":{"start":{"line":24,"column":0},"end":{"line":24,"column":84}},"24":{"start":{"line":25,"column":0},"end":{"line":25,"column":122}},"26":{"start":{"line":27,"column":0},"end":{"line":27,"column":65}},"27":{"start":{"line":28,"column":0},"end":{"line":28,"column":40}},"28":{"start":{"line":29,"column":0},"end":{"line":29,"column":50}},"29":{"start":{"line":30,"column":0},"end":{"line":30,"column":58}},"30":{"start":{"line":31,"column":0},"end":{"line":31,"column":41}},"31":{"start":{"line":32,"column":0},"end":{"line":32,"column":4}},"32":{"start":{"line":33,"column":0},"end":{"line":33,"column":49}},"33":{"start":{"line":34,"column":0},"end":{"line":34,"column":100}},"34":{"start":{"line":35,"column":0},"end":{"line":35,"column":60}},"35":{"start":{"line":36,"column":0},"end":{"line":36,"column":56}},"36":{"start":{"line":37,"column":0},"end":{"line":37,"column":42}},"37":{"start":{"line":38,"column":0},"end":{"line":38,"column":4}},"38":{"start":{"line":39,"column":0},"end":{"line":39,"column":58}},"39":{"start":{"line":40,"column":0},"end":{"line":40,"column":67}},"41":{"start":{"line":42,"column":0},"end":{"line":42,"column":33}},"42":{"start":{"line":43,"column":0},"end":{"line":43,"column":36}},"45":{"start":{"line":46,"column":0},"end":{"line":46,"column":19}},"46":{"start":{"line":47,"column":0},"end":{"line":47,"column":26}},"47":{"start":{"line":48,"column":0},"end":{"line":48,"column":25}},"48":{"start":{"line":49,"column":0},"end":{"line":49,"column":19}},"49":{"start":{"line":50,"column":0},"end":{"line":50,"column":11}},"50":{"start":{"line":51,"column":0},"end":{"line":51,"column":74}},"51":{"start":{"line":52,"column":0},"end":{"line":52,"column":37}},"52":{"start":{"line":53,"column":0},"end":{"line":53,"column":10}},"53":{"start":{"line":54,"column":0},"end":{"line":54,"column":58}},"54":{"start":{"line":55,"column":0},"end":{"line":55,"column":37}},"55":{"start":{"line":56,"column":0},"end":{"line":56,"column":77}},"56":{"start":{"line":57,"column":0},"end":{"line":57,"column":47}},"57":{"start":{"line":58,"column":0},"end":{"line":58,"column":62}},"58":{"start":{"line":59,"column":0},"end":{"line":59,"column":35}},"59":{"start":{"line":60,"column":0},"end":{"line":60,"column":29}},"60":{"start":{"line":61,"column":0},"end":{"line":61,"column":36}},"61":{"start":{"line":62,"column":0},"end":{"line":62,"column":102}},"62":{"start":{"line":63,"column":0},"end":{"line":63,"column":35}},"63":{"start":{"line":64,"column":0},"end":{"line":64,"column":37}},"64":{"start":{"line":65,"column":0},"end":{"line":65,"column":89}},"65":{"start":{"line":66,"column":0},"end":{"line":66,"column":80}},"66":{"start":{"line":67,"column":0},"end":{"line":67,"column":15}},"67":{"start":{"line":68,"column":0},"end":{"line":68,"column":11}},"68":{"start":{"line":69,"column":0},"end":{"line":69,"column":43}},"69":{"start":{"line":70,"column":0},"end":{"line":70,"column":88}},"70":{"start":{"line":71,"column":0},"end":{"line":71,"column":15}},"71":{"start":{"line":72,"column":0},"end":{"line":72,"column":39}},"72":{"start":{"line":73,"column":0},"end":{"line":73,"column":7}},"73":{"start":{"line":74,"column":0},"end":{"line":74,"column":8}},"74":{"start":{"line":75,"column":0},"end":{"line":75,"column":18}},"75":{"start":{"line":76,"column":0},"end":{"line":76,"column":22}},"76":{"start":{"line":77,"column":0},"end":{"line":77,"column":5}},"77":{"start":{"line":78,"column":0},"end":{"line":78,"column":17}},"80":{"start":{"line":81,"column":0},"end":{"line":81,"column":19}},"81":{"start":{"line":82,"column":0},"end":{"line":82,"column":70}},"83":{"start":{"line":84,"column":0},"end":{"line":84,"column":33}},"84":{"start":{"line":85,"column":0},"end":{"line":85,"column":56}},"85":{"start":{"line":86,"column":0},"end":{"line":86,"column":97}},"86":{"start":{"line":87,"column":0},"end":{"line":87,"column":5}},"88":{"start":{"line":89,"column":0},"end":{"line":89,"column":77}},"89":{"start":{"line":90,"column":0},"end":{"line":90,"column":16}},"91":{"start":{"line":92,"column":0},"end":{"line":92,"column":19}},"92":{"start":{"line":93,"column":0},"end":{"line":93,"column":48}},"93":{"start":{"line":94,"column":0},"end":{"line":94,"column":13}},"95":{"start":{"line":96,"column":0},"end":{"line":96,"column":19}},"96":{"start":{"line":97,"column":0},"end":{"line":97,"column":65}},"97":{"start":{"line":98,"column":0},"end":{"line":98,"column":21}},"100":{"start":{"line":101,"column":0},"end":{"line":101,"column":32}},"101":{"start":{"line":102,"column":0},"end":{"line":102,"column":67}},"102":{"start":{"line":103,"column":0},"end":{"line":103,"column":32}},"103":{"start":{"line":104,"column":0},"end":{"line":104,"column":71}},"104":{"start":{"line":105,"column":0},"end":{"line":105,"column":19}},"105":{"start":{"line":106,"column":0},"end":{"line":106,"column":15}},"106":{"start":{"line":107,"column":0},"end":{"line":107,"column":53}},"107":{"start":{"line":108,"column":0},"end":{"line":108,"column":15}},"108":{"start":{"line":109,"column":0},"end":{"line":109,"column":66}},"109":{"start":{"line":110,"column":0},"end":{"line":110,"column":15}},"110":{"start":{"line":111,"column":0},"end":{"line":111,"column":63}},"111":{"start":{"line":112,"column":0},"end":{"line":112,"column":15}},"112":{"start":{"line":113,"column":0},"end":{"line":113,"column":75}},"113":{"start":{"line":114,"column":0},"end":{"line":114,"column":14}},"114":{"start":{"line":115,"column":0},"end":{"line":115,"column":46}},"115":{"start":{"line":116,"column":0},"end":{"line":116,"column":5}},"116":{"start":{"line":117,"column":0},"end":{"line":117,"column":3}},"118":{"start":{"line":119,"column":0},"end":{"line":119,"column":35}},"119":{"start":{"line":120,"column":0},"end":{"line":120,"column":32}},"120":{"start":{"line":121,"column":0},"end":{"line":121,"column":24}},"122":{"start":{"line":123,"column":0},"end":{"line":123,"column":95}},"123":{"start":{"line":124,"column":0},"end":{"line":124,"column":69}},"125":{"start":{"line":126,"column":0},"end":{"line":126,"column":49}},"126":{"start":{"line":127,"column":0},"end":{"line":127,"column":16}},"127":{"start":{"line":128,"column":0},"end":{"line":128,"column":21}},"129":{"start":{"line":130,"column":0},"end":{"line":130,"column":115}},"130":{"start":{"line":131,"column":0},"end":{"line":131,"column":38}},"131":{"start":{"line":132,"column":0},"end":{"line":132,"column":52}},"132":{"start":{"line":133,"column":0},"end":{"line":133,"column":12}},"133":{"start":{"line":134,"column":0},"end":{"line":134,"column":55}},"134":{"start":{"line":135,"column":0},"end":{"line":135,"column":5}},"135":{"start":{"line":136,"column":0},"end":{"line":136,"column":3}},"137":{"start":{"line":138,"column":0},"end":{"line":138,"column":58}},"138":{"start":{"line":139,"column":0},"end":{"line":139,"column":9}},"139":{"start":{"line":140,"column":0},"end":{"line":140,"column":23}},"140":{"start":{"line":141,"column":0},"end":{"line":141,"column":25}},"141":{"start":{"line":142,"column":0},"end":{"line":142,"column":14}},"142":{"start":{"line":143,"column":0},"end":{"line":143,"column":43}},"143":{"start":{"line":144,"column":0},"end":{"line":144,"column":7}},"144":{"start":{"line":145,"column":0},"end":{"line":145,"column":55}},"145":{"start":{"line":146,"column":0},"end":{"line":146,"column":23}},"146":{"start":{"line":147,"column":0},"end":{"line":147,"column":56}},"147":{"start":{"line":148,"column":0},"end":{"line":148,"column":35}},"148":{"start":{"line":149,"column":0},"end":{"line":149,"column":38}},"149":{"start":{"line":150,"column":0},"end":{"line":150,"column":8}},"151":{"start":{"line":152,"column":0},"end":{"line":152,"column":57}},"152":{"start":{"line":153,"column":0},"end":{"line":153,"column":43}},"154":{"start":{"line":155,"column":0},"end":{"line":155,"column":35}},"156":{"start":{"line":157,"column":0},"end":{"line":157,"column":25}},"157":{"start":{"line":158,"column":0},"end":{"line":158,"column":54}},"158":{"start":{"line":159,"column":0},"end":{"line":159,"column":31}},"159":{"start":{"line":160,"column":0},"end":{"line":160,"column":14}},"160":{"start":{"line":161,"column":0},"end":{"line":161,"column":117}},"161":{"start":{"line":162,"column":0},"end":{"line":162,"column":7}},"163":{"start":{"line":164,"column":0},"end":{"line":164,"column":26}},"164":{"start":{"line":165,"column":0},"end":{"line":165,"column":26}},"165":{"start":{"line":166,"column":0},"end":{"line":166,"column":28}},"166":{"start":{"line":167,"column":0},"end":{"line":167,"column":93}},"167":{"start":{"line":168,"column":0},"end":{"line":168,"column":7}},"168":{"start":{"line":169,"column":0},"end":{"line":169,"column":50}},"169":{"start":{"line":170,"column":0},"end":{"line":170,"column":13}},"170":{"start":{"line":171,"column":0},"end":{"line":171,"column":29}},"171":{"start":{"line":172,"column":0},"end":{"line":172,"column":16}},"172":{"start":{"line":173,"column":0},"end":{"line":173,"column":90}},"173":{"start":{"line":174,"column":0},"end":{"line":174,"column":8}},"174":{"start":{"line":175,"column":0},"end":{"line":175,"column":15}},"175":{"start":{"line":176,"column":0},"end":{"line":176,"column":24}},"176":{"start":{"line":177,"column":0},"end":{"line":177,"column":5}},"177":{"start":{"line":178,"column":0},"end":{"line":178,"column":3}},"179":{"start":{"line":180,"column":0},"end":{"line":180,"column":55}},"180":{"start":{"line":181,"column":0},"end":{"line":181,"column":42}},"181":{"start":{"line":182,"column":0},"end":{"line":182,"column":87}},"183":{"start":{"line":184,"column":0},"end":{"line":184,"column":9}},"184":{"start":{"line":185,"column":0},"end":{"line":185,"column":23}},"185":{"start":{"line":186,"column":0},"end":{"line":186,"column":25}},"186":{"start":{"line":187,"column":0},"end":{"line":187,"column":14}},"187":{"start":{"line":188,"column":0},"end":{"line":188,"column":43}},"188":{"start":{"line":189,"column":0},"end":{"line":189,"column":7}},"189":{"start":{"line":190,"column":0},"end":{"line":190,"column":62}},"190":{"start":{"line":191,"column":0},"end":{"line":191,"column":23}},"191":{"start":{"line":192,"column":0},"end":{"line":192,"column":56}},"192":{"start":{"line":193,"column":0},"end":{"line":193,"column":35}},"193":{"start":{"line":194,"column":0},"end":{"line":194,"column":38}},"194":{"start":{"line":195,"column":0},"end":{"line":195,"column":8}},"196":{"start":{"line":197,"column":0},"end":{"line":197,"column":57}},"197":{"start":{"line":198,"column":0},"end":{"line":198,"column":43}},"199":{"start":{"line":200,"column":0},"end":{"line":200,"column":33}},"200":{"start":{"line":201,"column":0},"end":{"line":201,"column":48}},"201":{"start":{"line":202,"column":0},"end":{"line":202,"column":57}},"202":{"start":{"line":203,"column":0},"end":{"line":203,"column":7}},"204":{"start":{"line":205,"column":0},"end":{"line":205,"column":41}},"205":{"start":{"line":206,"column":0},"end":{"line":206,"column":46}},"206":{"start":{"line":207,"column":0},"end":{"line":207,"column":21}},"208":{"start":{"line":209,"column":0},"end":{"line":209,"column":20}},"209":{"start":{"line":210,"column":0},"end":{"line":210,"column":51}},"210":{"start":{"line":211,"column":0},"end":{"line":211,"column":23}},"211":{"start":{"line":212,"column":0},"end":{"line":212,"column":57}},"213":{"start":{"line":214,"column":0},"end":{"line":214,"column":42}},"214":{"start":{"line":215,"column":0},"end":{"line":215,"column":34}},"216":{"start":{"line":217,"column":0},"end":{"line":217,"column":35}},"217":{"start":{"line":218,"column":0},"end":{"line":218,"column":34}},"218":{"start":{"line":219,"column":0},"end":{"line":219,"column":49}},"219":{"start":{"line":220,"column":0},"end":{"line":220,"column":47}},"220":{"start":{"line":221,"column":0},"end":{"line":221,"column":33}},"222":{"start":{"line":223,"column":0},"end":{"line":223,"column":15}},"223":{"start":{"line":224,"column":0},"end":{"line":224,"column":44}},"224":{"start":{"line":225,"column":0},"end":{"line":225,"column":28}},"225":{"start":{"line":226,"column":0},"end":{"line":226,"column":37}},"226":{"start":{"line":227,"column":0},"end":{"line":227,"column":38}},"227":{"start":{"line":228,"column":0},"end":{"line":228,"column":38}},"228":{"start":{"line":229,"column":0},"end":{"line":229,"column":29}},"229":{"start":{"line":230,"column":0},"end":{"line":230,"column":31}},"230":{"start":{"line":231,"column":0},"end":{"line":231,"column":65}},"231":{"start":{"line":232,"column":0},"end":{"line":232,"column":17}},"232":{"start":{"line":233,"column":0},"end":{"line":233,"column":27}},"233":{"start":{"line":234,"column":0},"end":{"line":234,"column":16}},"234":{"start":{"line":235,"column":0},"end":{"line":235,"column":13}},"235":{"start":{"line":236,"column":0},"end":{"line":236,"column":27}},"236":{"start":{"line":237,"column":0},"end":{"line":237,"column":37}},"237":{"start":{"line":238,"column":0},"end":{"line":238,"column":38}},"238":{"start":{"line":239,"column":0},"end":{"line":239,"column":38}},"239":{"start":{"line":240,"column":0},"end":{"line":240,"column":29}},"240":{"start":{"line":241,"column":0},"end":{"line":241,"column":31}},"241":{"start":{"line":242,"column":0},"end":{"line":242,"column":103}},"242":{"start":{"line":243,"column":0},"end":{"line":243,"column":17}},"243":{"start":{"line":244,"column":0},"end":{"line":244,"column":27}},"244":{"start":{"line":245,"column":0},"end":{"line":245,"column":16}},"245":{"start":{"line":246,"column":0},"end":{"line":246,"column":13}},"246":{"start":{"line":247,"column":0},"end":{"line":247,"column":28}},"247":{"start":{"line":248,"column":0},"end":{"line":248,"column":37}},"248":{"start":{"line":249,"column":0},"end":{"line":249,"column":38}},"249":{"start":{"line":250,"column":0},"end":{"line":250,"column":38}},"250":{"start":{"line":251,"column":0},"end":{"line":251,"column":29}},"251":{"start":{"line":252,"column":0},"end":{"line":252,"column":31}},"252":{"start":{"line":253,"column":0},"end":{"line":253,"column":56}},"253":{"start":{"line":254,"column":0},"end":{"line":254,"column":17}},"254":{"start":{"line":255,"column":0},"end":{"line":255,"column":27}},"255":{"start":{"line":256,"column":0},"end":{"line":256,"column":16}},"256":{"start":{"line":257,"column":0},"end":{"line":257,"column":13}},"257":{"start":{"line":258,"column":0},"end":{"line":258,"column":19}},"258":{"start":{"line":259,"column":0},"end":{"line":259,"column":35}},"259":{"start":{"line":260,"column":0},"end":{"line":260,"column":36}},"260":{"start":{"line":261,"column":0},"end":{"line":261,"column":36}},"261":{"start":{"line":262,"column":0},"end":{"line":262,"column":27}},"262":{"start":{"line":263,"column":0},"end":{"line":263,"column":29}},"263":{"start":{"line":264,"column":0},"end":{"line":264,"column":62}},"264":{"start":{"line":265,"column":0},"end":{"line":265,"column":15}},"265":{"start":{"line":266,"column":0},"end":{"line":266,"column":25}},"266":{"start":{"line":267,"column":0},"end":{"line":267,"column":14}},"267":{"start":{"line":268,"column":0},"end":{"line":268,"column":11}},"268":{"start":{"line":269,"column":0},"end":{"line":269,"column":9}},"269":{"start":{"line":270,"column":0},"end":{"line":270,"column":7}},"270":{"start":{"line":271,"column":0},"end":{"line":271,"column":13}},"271":{"start":{"line":272,"column":0},"end":{"line":272,"column":46}},"272":{"start":{"line":273,"column":0},"end":{"line":273,"column":48}},"273":{"start":{"line":274,"column":0},"end":{"line":274,"column":15}},"274":{"start":{"line":275,"column":0},"end":{"line":275,"column":24}},"275":{"start":{"line":276,"column":0},"end":{"line":276,"column":5}},"276":{"start":{"line":277,"column":0},"end":{"line":277,"column":3}},"278":{"start":{"line":279,"column":0},"end":{"line":279,"column":39}},"279":{"start":{"line":280,"column":0},"end":{"line":280,"column":33}},"280":{"start":{"line":281,"column":0},"end":{"line":281,"column":30}},"281":{"start":{"line":282,"column":0},"end":{"line":282,"column":9}},"282":{"start":{"line":283,"column":0},"end":{"line":283,"column":59}},"283":{"start":{"line":284,"column":0},"end":{"line":284,"column":23}},"284":{"start":{"line":285,"column":0},"end":{"line":285,"column":56}},"285":{"start":{"line":286,"column":0},"end":{"line":286,"column":35}},"286":{"start":{"line":287,"column":0},"end":{"line":287,"column":33}},"287":{"start":{"line":288,"column":0},"end":{"line":288,"column":8}},"288":{"start":{"line":289,"column":0},"end":{"line":289,"column":56}},"289":{"start":{"line":290,"column":0},"end":{"line":290,"column":35}},"290":{"start":{"line":291,"column":0},"end":{"line":291,"column":25}},"291":{"start":{"line":292,"column":0},"end":{"line":292,"column":52}},"293":{"start":{"line":294,"column":0},"end":{"line":294,"column":21}},"294":{"start":{"line":295,"column":0},"end":{"line":295,"column":49}},"295":{"start":{"line":296,"column":0},"end":{"line":296,"column":27}},"296":{"start":{"line":297,"column":0},"end":{"line":297,"column":13}},"297":{"start":{"line":298,"column":0},"end":{"line":298,"column":29}},"298":{"start":{"line":299,"column":0},"end":{"line":299,"column":16}},"299":{"start":{"line":300,"column":0},"end":{"line":300,"column":9}},"300":{"start":{"line":301,"column":0},"end":{"line":301,"column":28}},"301":{"start":{"line":302,"column":0},"end":{"line":302,"column":71}},"302":{"start":{"line":303,"column":0},"end":{"line":303,"column":95}},"303":{"start":{"line":304,"column":0},"end":{"line":304,"column":10}},"304":{"start":{"line":305,"column":0},"end":{"line":305,"column":8}},"305":{"start":{"line":306,"column":0},"end":{"line":306,"column":15}},"306":{"start":{"line":307,"column":0},"end":{"line":307,"column":33}},"307":{"start":{"line":308,"column":0},"end":{"line":308,"column":5}},"308":{"start":{"line":309,"column":0},"end":{"line":309,"column":3}},"311":{"start":{"line":312,"column":0},"end":{"line":312,"column":44}},"312":{"start":{"line":313,"column":0},"end":{"line":313,"column":67}},"313":{"start":{"line":314,"column":0},"end":{"line":314,"column":17}},"314":{"start":{"line":315,"column":0},"end":{"line":315,"column":16}},"315":{"start":{"line":316,"column":0},"end":{"line":316,"column":49}},"316":{"start":{"line":317,"column":0},"end":{"line":317,"column":22}},"317":{"start":{"line":318,"column":0},"end":{"line":318,"column":17}},"320":{"start":{"line":321,"column":0},"end":{"line":321,"column":44}},"322":{"start":{"line":323,"column":0},"end":{"line":323,"column":35}},"323":{"start":{"line":324,"column":0},"end":{"line":324,"column":124}},"324":{"start":{"line":325,"column":0},"end":{"line":325,"column":13}},"325":{"start":{"line":326,"column":0},"end":{"line":326,"column":54}},"326":{"start":{"line":327,"column":0},"end":{"line":327,"column":49}},"327":{"start":{"line":328,"column":0},"end":{"line":328,"column":74}},"328":{"start":{"line":329,"column":0},"end":{"line":329,"column":17}},"330":{"start":{"line":331,"column":0},"end":{"line":331,"column":9}},"331":{"start":{"line":332,"column":0},"end":{"line":332,"column":7}},"333":{"start":{"line":334,"column":0},"end":{"line":334,"column":14}},"334":{"start":{"line":335,"column":0},"end":{"line":335,"column":35}},"335":{"start":{"line":336,"column":0},"end":{"line":336,"column":79}},"336":{"start":{"line":337,"column":0},"end":{"line":337,"column":54}},"337":{"start":{"line":338,"column":0},"end":{"line":338,"column":54}},"338":{"start":{"line":339,"column":0},"end":{"line":339,"column":19}},"339":{"start":{"line":340,"column":0},"end":{"line":340,"column":37}},"340":{"start":{"line":341,"column":0},"end":{"line":341,"column":51}},"341":{"start":{"line":342,"column":0},"end":{"line":342,"column":23}},"342":{"start":{"line":343,"column":0},"end":{"line":343,"column":19}},"343":{"start":{"line":344,"column":0},"end":{"line":344,"column":16}},"344":{"start":{"line":345,"column":0},"end":{"line":345,"column":14}},"346":{"start":{"line":347,"column":0},"end":{"line":347,"column":5}},"348":{"start":{"line":349,"column":0},"end":{"line":349,"column":30}},"349":{"start":{"line":350,"column":0},"end":{"line":350,"column":8}},"351":{"start":{"line":352,"column":0},"end":{"line":352,"column":10}},"352":{"start":{"line":353,"column":0},"end":{"line":353,"column":20}},"354":{"start":{"line":355,"column":0},"end":{"line":355,"column":41}},"355":{"start":{"line":356,"column":0},"end":{"line":356,"column":37}},"356":{"start":{"line":357,"column":0},"end":{"line":357,"column":31}},"357":{"start":{"line":358,"column":0},"end":{"line":358,"column":41}},"358":{"start":{"line":359,"column":0},"end":{"line":359,"column":78}},"359":{"start":{"line":360,"column":0},"end":{"line":360,"column":53}},"360":{"start":{"line":361,"column":0},"end":{"line":361,"column":18}},"361":{"start":{"line":362,"column":0},"end":{"line":362,"column":45}},"362":{"start":{"line":363,"column":0},"end":{"line":363,"column":20}},"363":{"start":{"line":364,"column":0},"end":{"line":364,"column":31}},"364":{"start":{"line":365,"column":0},"end":{"line":365,"column":39}},"365":{"start":{"line":366,"column":0},"end":{"line":366,"column":68}},"366":{"start":{"line":367,"column":0},"end":{"line":367,"column":16}},"368":{"start":{"line":369,"column":0},"end":{"line":369,"column":20}},"369":{"start":{"line":370,"column":0},"end":{"line":370,"column":96}},"370":{"start":{"line":371,"column":0},"end":{"line":371,"column":60}},"371":{"start":{"line":372,"column":0},"end":{"line":372,"column":50}},"372":{"start":{"line":373,"column":0},"end":{"line":373,"column":21}},"373":{"start":{"line":374,"column":0},"end":{"line":374,"column":19}},"374":{"start":{"line":375,"column":0},"end":{"line":375,"column":27}},"375":{"start":{"line":376,"column":0},"end":{"line":376,"column":39}},"376":{"start":{"line":377,"column":0},"end":{"line":377,"column":42}},"377":{"start":{"line":378,"column":0},"end":{"line":378,"column":67}},"379":{"start":{"line":380,"column":0},"end":{"line":380,"column":62}},"380":{"start":{"line":381,"column":0},"end":{"line":381,"column":21}},"381":{"start":{"line":382,"column":0},"end":{"line":382,"column":16}},"382":{"start":{"line":383,"column":0},"end":{"line":383,"column":14}},"384":{"start":{"line":385,"column":0},"end":{"line":385,"column":57}},"385":{"start":{"line":386,"column":0},"end":{"line":386,"column":39}},"386":{"start":{"line":387,"column":0},"end":{"line":387,"column":89}},"387":{"start":{"line":388,"column":0},"end":{"line":388,"column":47}},"388":{"start":{"line":389,"column":0},"end":{"line":389,"column":45}},"389":{"start":{"line":390,"column":0},"end":{"line":390,"column":114}},"390":{"start":{"line":391,"column":0},"end":{"line":391,"column":39}},"391":{"start":{"line":392,"column":0},"end":{"line":392,"column":34}},"393":{"start":{"line":394,"column":0},"end":{"line":394,"column":44}},"395":{"start":{"line":396,"column":0},"end":{"line":396,"column":20}},"396":{"start":{"line":397,"column":0},"end":{"line":397,"column":62}},"397":{"start":{"line":398,"column":0},"end":{"line":398,"column":18}},"398":{"start":{"line":399,"column":0},"end":{"line":399,"column":13}},"400":{"start":{"line":401,"column":0},"end":{"line":401,"column":24}},"401":{"start":{"line":402,"column":0},"end":{"line":402,"column":110}},"402":{"start":{"line":403,"column":0},"end":{"line":403,"column":43}},"403":{"start":{"line":404,"column":0},"end":{"line":404,"column":43}},"404":{"start":{"line":405,"column":0},"end":{"line":405,"column":43}},"405":{"start":{"line":406,"column":0},"end":{"line":406,"column":18}},"408":{"start":{"line":409,"column":0},"end":{"line":409,"column":34}},"409":{"start":{"line":410,"column":0},"end":{"line":410,"column":14}},"411":{"start":{"line":412,"column":0},"end":{"line":412,"column":41}},"412":{"start":{"line":413,"column":0},"end":{"line":413,"column":16}},"413":{"start":{"line":414,"column":0},"end":{"line":414,"column":25}},"414":{"start":{"line":415,"column":0},"end":{"line":415,"column":54}},"415":{"start":{"line":416,"column":0},"end":{"line":416,"column":43}},"416":{"start":{"line":417,"column":0},"end":{"line":417,"column":65}},"417":{"start":{"line":418,"column":0},"end":{"line":418,"column":38}},"418":{"start":{"line":419,"column":0},"end":{"line":419,"column":12}},"419":{"start":{"line":420,"column":0},"end":{"line":420,"column":80}},"421":{"start":{"line":422,"column":0},"end":{"line":422,"column":19}},"422":{"start":{"line":423,"column":0},"end":{"line":423,"column":14}},"423":{"start":{"line":424,"column":0},"end":{"line":424,"column":12}},"424":{"start":{"line":425,"column":0},"end":{"line":425,"column":21}},"426":{"start":{"line":427,"column":0},"end":{"line":427,"column":1}}},"s":{"0":1,"21":1,"22":1,"23":1,"24":1,"26":51,"27":51,"28":51,"29":10,"30":10,"31":51,"32":51,"33":51,"34":51,"35":10,"36":10,"37":51,"38":51,"39":51,"41":51,"42":51,"45":51,"46":10,"47":1,"48":1,"49":1,"50":1,"51":1,"52":1,"53":1,"54":1,"55":1,"56":1,"57":3,"58":3,"59":3,"60":3,"61":3,"62":2,"63":2,"64":1,"65":1,"66":3,"67":1,"68":1,"69":1,"70":1,"71":0,"72":0,"73":1,"74":1,"75":1,"76":1,"77":51,"80":51,"81":24,"83":24,"84":24,"85":12,"86":12,"88":24,"89":51,"91":51,"92":10,"93":51,"95":51,"96":13,"97":51,"100":51,"101":3,"102":3,"103":3,"104":3,"105":3,"106":0,"107":3,"108":1,"109":3,"110":2,"111":3,"112":0,"113":3,"114":0,"115":3,"116":3,"118":51,"119":6,"120":6,"122":6,"123":6,"125":6,"126":6,"127":6,"129":6,"130":6,"131":1,"132":6,"133":5,"134":5,"135":6,"137":51,"138":5,"139":5,"140":5,"141":5,"142":5,"143":5,"144":5,"145":5,"146":5,"147":5,"148":5,"149":5,"151":4,"152":4,"154":4,"156":4,"157":5,"158":1,"159":4,"160":3,"161":3,"163":4,"164":4,"165":4,"166":4,"167":4,"168":4,"169":5,"170":1,"171":1,"172":1,"173":1,"174":5,"175":5,"176":5,"177":5,"179":51,"180":1,"181":1,"183":1,"184":1,"185":1,"186":1,"187":1,"188":1,"189":1,"190":1,"191":1,"192":1,"193":1,"194":1,"196":1,"197":1,"199":1,"200":0,"201":0,"202":0,"204":1,"205":1,"206":1,"208":1,"209":5,"210":5,"211":4,"213":4,"214":4,"216":5,"217":4,"218":4,"219":4,"220":4,"222":4,"223":4,"224":4,"225":2,"226":2,"227":2,"228":2,"229":2,"230":2,"231":2,"232":2,"233":2,"234":2,"235":4,"236":1,"237":1,"238":1,"239":1,"240":1,"241":1,"242":1,"243":1,"244":1,"245":1,"246":4,"247":0,"248":0,"249":0,"250":0,"251":0,"252":0,"253":0,"254":0,"255":0,"256":0,"257":4,"258":0,"259":0,"260":0,"261":0,"262":0,"263":0,"264":0,"265":0,"266":0,"267":0,"268":4,"269":4,"270":1,"271":0,"272":0,"273":1,"274":1,"275":1,"276":1,"278":51,"279":1,"280":1,"281":1,"282":1,"283":1,"284":1,"285":1,"286":1,"287":1,"288":1,"289":1,"290":1,"291":1,"293":1,"294":1,"295":1,"296":1,"297":0,"298":0,"299":0,"300":0,"301":0,"302":0,"303":0,"304":0,"305":1,"306":1,"307":1,"308":1,"311":51,"312":10,"313":1,"314":1,"315":0,"316":0,"317":0,"320":1,"322":1,"323":1,"324":1,"325":1,"326":1,"327":1,"328":1,"330":0,"331":1,"333":1,"334":1,"335":1,"336":1,"337":1,"338":1,"339":1,"340":1,"341":1,"342":1,"343":1,"344":1,"346":1,"348":10,"349":51,"351":51,"352":51,"354":51,"355":51,"356":51,"357":51,"358":51,"359":51,"360":51,"361":51,"362":51,"363":51,"364":51,"365":51,"366":51,"368":51,"369":51,"370":51,"371":51,"372":51,"373":51,"374":51,"375":51,"376":51,"377":51,"379":51,"380":51,"381":51,"382":51,"384":51,"385":51,"386":31,"387":31,"388":31,"389":15,"390":15,"391":15,"393":16,"395":31,"396":31,"397":31,"398":51,"400":51,"401":6,"402":6,"403":6,"404":6,"405":6,"408":51,"409":51,"411":51,"412":51,"413":51,"414":51,"415":51,"416":51,"417":51,"418":51,"419":51,"421":51,"422":51,"423":51,"424":51,"426":51},"branchMap":{"0":{"type":"branch","line":25,"loc":{"start":{"line":25,"column":39},"end":{"line":25,"column":122}},"locations":[{"start":{"line":25,"column":39},"end":{"line":25,"column":122}}]},"1":{"type":"branch","line":27,"loc":{"start":{"line":27,"column":0},"end":{"line":427,"column":1}},"locations":[{"start":{"line":27,"column":0},"end":{"line":427,"column":1}}]},"2":{"type":"branch","line":360,"loc":{"start":{"line":360,"column":27},"end":{"line":360,"column":48}},"locations":[{"start":{"line":360,"column":27},"end":{"line":360,"column":48}}]},"3":{"type":"branch","line":380,"loc":{"start":{"line":380,"column":15},"end":{"line":380,"column":49}},"locations":[{"start":{"line":380,"column":15},"end":{"line":380,"column":49}}]},"4":{"type":"branch","line":380,"loc":{"start":{"line":380,"column":35},"end":{"line":380,"column":62}},"locations":[{"start":{"line":380,"column":35},"end":{"line":380,"column":62}}]},"5":{"type":"branch","line":401,"loc":{"start":{"line":401,"column":11},"end":{"line":406,"column":18}},"locations":[{"start":{"line":401,"column":11},"end":{"line":406,"column":18}}]},"6":{"type":"branch","line":29,"loc":{"start":{"line":29,"column":43},"end":{"line":32,"column":3}},"locations":[{"start":{"line":29,"column":43},"end":{"line":32,"column":3}}]},"7":{"type":"branch","line":31,"loc":{"start":{"line":31,"column":11},"end":{"line":31,"column":39}},"locations":[{"start":{"line":31,"column":11},"end":{"line":31,"column":39}}]},"8":{"type":"branch","line":31,"loc":{"start":{"line":31,"column":35},"end":{"line":31,"column":41}},"locations":[{"start":{"line":31,"column":35},"end":{"line":31,"column":41}}]},"9":{"type":"branch","line":34,"loc":{"start":{"line":34,"column":37},"end":{"line":34,"column":99}},"locations":[{"start":{"line":34,"column":37},"end":{"line":34,"column":99}}]},"10":{"type":"branch","line":34,"loc":{"start":{"line":34,"column":79},"end":{"line":34,"column":99}},"locations":[{"start":{"line":34,"column":79},"end":{"line":34,"column":99}}]},"11":{"type":"branch","line":35,"loc":{"start":{"line":35,"column":53},"end":{"line":38,"column":3}},"locations":[{"start":{"line":35,"column":53},"end":{"line":38,"column":3}}]},"12":{"type":"branch","line":37,"loc":{"start":{"line":37,"column":11},"end":{"line":37,"column":38}},"locations":[{"start":{"line":37,"column":11},"end":{"line":37,"column":38}}]},"13":{"type":"branch","line":37,"loc":{"start":{"line":37,"column":29},"end":{"line":37,"column":42}},"locations":[{"start":{"line":37,"column":29},"end":{"line":37,"column":42}}]},"14":{"type":"branch","line":46,"loc":{"start":{"line":46,"column":12},"end":{"line":78,"column":5}},"locations":[{"start":{"line":46,"column":12},"end":{"line":78,"column":5}}]},"15":{"type":"branch","line":47,"loc":{"start":{"line":47,"column":20},"end":{"line":47,"column":26}},"locations":[{"start":{"line":47,"column":20},"end":{"line":47,"column":26}}]},"16":{"type":"branch","line":47,"loc":{"start":{"line":47,"column":20},"end":{"line":77,"column":5}},"locations":[{"start":{"line":47,"column":20},"end":{"line":77,"column":5}}]},"17":{"type":"branch","line":49,"loc":{"start":{"line":49,"column":6},"end":{"line":74,"column":7}},"locations":[{"start":{"line":49,"column":6},"end":{"line":74,"column":7}}]},"18":{"type":"branch","line":54,"loc":{"start":{"line":54,"column":21},"end":{"line":54,"column":58}},"locations":[{"start":{"line":54,"column":21},"end":{"line":54,"column":58}}]},"19":{"type":"branch","line":56,"loc":{"start":{"line":56,"column":64},"end":{"line":56,"column":77}},"locations":[{"start":{"line":56,"column":64},"end":{"line":56,"column":77}}]},"20":{"type":"branch","line":71,"loc":{"start":{"line":71,"column":6},"end":{"line":73,"column":7}},"locations":[{"start":{"line":71,"column":6},"end":{"line":73,"column":7}}]},"21":{"type":"branch","line":57,"loc":{"start":{"line":57,"column":38},"end":{"line":68,"column":10}},"locations":[{"start":{"line":57,"column":38},"end":{"line":68,"column":10}}]},"22":{"type":"branch","line":58,"loc":{"start":{"line":58,"column":27},"end":{"line":58,"column":55}},"locations":[{"start":{"line":58,"column":27},"end":{"line":58,"column":55}}]},"23":{"type":"branch","line":58,"loc":{"start":{"line":58,"column":41},"end":{"line":58,"column":62}},"locations":[{"start":{"line":58,"column":41},"end":{"line":58,"column":62}}]},"24":{"type":"branch","line":59,"loc":{"start":{"line":59,"column":21},"end":{"line":59,"column":35}},"locations":[{"start":{"line":59,"column":21},"end":{"line":59,"column":35}}]},"25":{"type":"branch","line":60,"loc":{"start":{"line":60,"column":22},"end":{"line":67,"column":13}},"locations":[{"start":{"line":60,"column":22},"end":{"line":67,"column":13}}]},"26":{"type":"branch","line":62,"loc":{"start":{"line":62,"column":22},"end":{"line":62,"column":102}},"locations":[{"start":{"line":62,"column":22},"end":{"line":62,"column":102}}]},"27":{"type":"branch","line":62,"loc":{"start":{"line":62,"column":101},"end":{"line":64,"column":37}},"locations":[{"start":{"line":62,"column":101},"end":{"line":64,"column":37}}]},"28":{"type":"branch","line":64,"loc":{"start":{"line":64,"column":36},"end":{"line":65,"column":89}},"locations":[{"start":{"line":64,"column":36},"end":{"line":65,"column":89}}]},"29":{"type":"branch","line":65,"loc":{"start":{"line":65,"column":88},"end":{"line":66,"column":80}},"locations":[{"start":{"line":65,"column":88},"end":{"line":66,"column":80}}]},"30":{"type":"branch","line":75,"loc":{"start":{"line":75,"column":11},"end":{"line":77,"column":5}},"locations":[{"start":{"line":75,"column":11},"end":{"line":77,"column":5}}]},"31":{"type":"branch","line":81,"loc":{"start":{"line":81,"column":12},"end":{"line":90,"column":5}},"locations":[{"start":{"line":81,"column":12},"end":{"line":90,"column":5}}]},"32":{"type":"branch","line":85,"loc":{"start":{"line":85,"column":55},"end":{"line":87,"column":5}},"locations":[{"start":{"line":85,"column":55},"end":{"line":87,"column":5}}]},"33":{"type":"branch","line":92,"loc":{"start":{"line":92,"column":12},"end":{"line":94,"column":5}},"locations":[{"start":{"line":92,"column":12},"end":{"line":94,"column":5}}]},"34":{"type":"branch","line":96,"loc":{"start":{"line":96,"column":12},"end":{"line":98,"column":5}},"locations":[{"start":{"line":96,"column":12},"end":{"line":98,"column":5}}]},"35":{"type":"branch","line":101,"loc":{"start":{"line":101,"column":22},"end":{"line":117,"column":3}},"locations":[{"start":{"line":101,"column":22},"end":{"line":117,"column":3}}]},"36":{"type":"branch","line":102,"loc":{"start":{"line":102,"column":41},"end":{"line":102,"column":67}},"locations":[{"start":{"line":102,"column":41},"end":{"line":102,"column":67}}]},"37":{"type":"branch","line":103,"loc":{"start":{"line":103,"column":21},"end":{"line":103,"column":32}},"locations":[{"start":{"line":103,"column":21},"end":{"line":103,"column":32}}]},"38":{"type":"branch","line":104,"loc":{"start":{"line":104,"column":26},"end":{"line":104,"column":69}},"locations":[{"start":{"line":104,"column":26},"end":{"line":104,"column":69}}]},"39":{"type":"branch","line":104,"loc":{"start":{"line":104,"column":63},"end":{"line":104,"column":71}},"locations":[{"start":{"line":104,"column":63},"end":{"line":104,"column":71}}]},"40":{"type":"branch","line":106,"loc":{"start":{"line":106,"column":6},"end":{"line":107,"column":53}},"locations":[{"start":{"line":106,"column":6},"end":{"line":107,"column":53}}]},"41":{"type":"branch","line":108,"loc":{"start":{"line":108,"column":6},"end":{"line":109,"column":66}},"locations":[{"start":{"line":108,"column":6},"end":{"line":109,"column":66}}]},"42":{"type":"branch","line":110,"loc":{"start":{"line":110,"column":6},"end":{"line":111,"column":63}},"locations":[{"start":{"line":110,"column":6},"end":{"line":111,"column":63}}]},"43":{"type":"branch","line":112,"loc":{"start":{"line":112,"column":6},"end":{"line":113,"column":75}},"locations":[{"start":{"line":112,"column":6},"end":{"line":113,"column":75}}]},"44":{"type":"branch","line":114,"loc":{"start":{"line":114,"column":6},"end":{"line":115,"column":46}},"locations":[{"start":{"line":114,"column":6},"end":{"line":115,"column":46}}]},"45":{"type":"branch","line":119,"loc":{"start":{"line":119,"column":22},"end":{"line":136,"column":3}},"locations":[{"start":{"line":119,"column":22},"end":{"line":136,"column":3}}]},"46":{"type":"branch","line":121,"loc":{"start":{"line":121,"column":18},"end":{"line":121,"column":24}},"locations":[{"start":{"line":121,"column":18},"end":{"line":121,"column":24}}]},"47":{"type":"branch","line":131,"loc":{"start":{"line":131,"column":8},"end":{"line":131,"column":37}},"locations":[{"start":{"line":131,"column":8},"end":{"line":131,"column":37}}]},"48":{"type":"branch","line":131,"loc":{"start":{"line":131,"column":37},"end":{"line":133,"column":11}},"locations":[{"start":{"line":131,"column":37},"end":{"line":133,"column":11}}]},"49":{"type":"branch","line":133,"loc":{"start":{"line":133,"column":4},"end":{"line":135,"column":5}},"locations":[{"start":{"line":133,"column":4},"end":{"line":135,"column":5}}]},"50":{"type":"branch","line":126,"loc":{"start":{"line":126,"column":16},"end":{"line":126,"column":48}},"locations":[{"start":{"line":126,"column":16},"end":{"line":126,"column":48}}]},"51":{"type":"branch","line":138,"loc":{"start":{"line":138,"column":34},"end":{"line":178,"column":3}},"locations":[{"start":{"line":138,"column":34},"end":{"line":178,"column":3}}]},"52":{"type":"branch","line":150,"loc":{"start":{"line":150,"column":7},"end":{"line":158,"column":20}},"locations":[{"start":{"line":150,"column":7},"end":{"line":158,"column":20}}]},"53":{"type":"branch","line":153,"loc":{"start":{"line":153,"column":23},"end":{"line":153,"column":43}},"locations":[{"start":{"line":153,"column":23},"end":{"line":153,"column":43}}]},"54":{"type":"branch","line":158,"loc":{"start":{"line":158,"column":14},"end":{"line":158,"column":53}},"locations":[{"start":{"line":158,"column":14},"end":{"line":158,"column":53}}]},"55":{"type":"branch","line":158,"loc":{"start":{"line":158,"column":53},"end":{"line":170,"column":12}},"locations":[{"start":{"line":158,"column":53},"end":{"line":170,"column":12}}]},"56":{"type":"branch","line":158,"loc":{"start":{"line":158,"column":53},"end":{"line":160,"column":13}},"locations":[{"start":{"line":158,"column":53},"end":{"line":160,"column":13}}]},"57":{"type":"branch","line":160,"loc":{"start":{"line":160,"column":6},"end":{"line":162,"column":7}},"locations":[{"start":{"line":160,"column":6},"end":{"line":162,"column":7}}]},"58":{"type":"branch","line":161,"loc":{"start":{"line":161,"column":49},"end":{"line":161,"column":62}},"locations":[{"start":{"line":161,"column":49},"end":{"line":161,"column":62}}]},"59":{"type":"branch","line":170,"loc":{"start":{"line":170,"column":4},"end":{"line":175,"column":6}},"locations":[{"start":{"line":170,"column":4},"end":{"line":175,"column":6}}]},"60":{"type":"branch","line":169,"loc":{"start":{"line":169,"column":18},"end":{"line":169,"column":49}},"locations":[{"start":{"line":169,"column":18},"end":{"line":169,"column":49}}]},"61":{"type":"branch","line":171,"loc":{"start":{"line":171,"column":18},"end":{"line":174,"column":7}},"locations":[{"start":{"line":171,"column":18},"end":{"line":174,"column":7}}]},"62":{"type":"branch","line":180,"loc":{"start":{"line":180,"column":31},"end":{"line":277,"column":3}},"locations":[{"start":{"line":180,"column":31},"end":{"line":277,"column":3}}]},"63":{"type":"branch","line":198,"loc":{"start":{"line":198,"column":23},"end":{"line":198,"column":43}},"locations":[{"start":{"line":198,"column":23},"end":{"line":198,"column":43}}]},"64":{"type":"branch","line":200,"loc":{"start":{"line":200,"column":32},"end":{"line":203,"column":7}},"locations":[{"start":{"line":200,"column":32},"end":{"line":203,"column":7}}]},"65":{"type":"branch","line":209,"loc":{"start":{"line":209,"column":19},"end":{"line":270,"column":7}},"locations":[{"start":{"line":209,"column":19},"end":{"line":270,"column":7}}]},"66":{"type":"branch","line":211,"loc":{"start":{"line":211,"column":18},"end":{"line":211,"column":23}},"locations":[{"start":{"line":211,"column":18},"end":{"line":211,"column":23}}]},"67":{"type":"branch","line":211,"loc":{"start":{"line":211,"column":18},"end":{"line":215,"column":34}},"locations":[{"start":{"line":211,"column":18},"end":{"line":215,"column":34}}]},"68":{"type":"branch","line":217,"loc":{"start":{"line":217,"column":34},"end":{"line":270,"column":7}},"locations":[{"start":{"line":217,"column":34},"end":{"line":270,"column":7}}]},"69":{"type":"branch","line":219,"loc":{"start":{"line":219,"column":41},"end":{"line":219,"column":49}},"locations":[{"start":{"line":219,"column":41},"end":{"line":219,"column":49}}]},"70":{"type":"branch","line":221,"loc":{"start":{"line":221,"column":25},"end":{"line":221,"column":33}},"locations":[{"start":{"line":221,"column":25},"end":{"line":221,"column":33}}]},"71":{"type":"branch","line":225,"loc":{"start":{"line":225,"column":27},"end":{"line":235,"column":13}},"locations":[{"start":{"line":225,"column":27},"end":{"line":235,"column":13}}]},"72":{"type":"branch","line":236,"loc":{"start":{"line":236,"column":26},"end":{"line":246,"column":13}},"locations":[{"start":{"line":236,"column":26},"end":{"line":246,"column":13}}]},"73":{"type":"branch","line":247,"loc":{"start":{"line":247,"column":27},"end":{"line":257,"column":13}},"locations":[{"start":{"line":247,"column":27},"end":{"line":257,"column":13}}]},"74":{"type":"branch","line":258,"loc":{"start":{"line":258,"column":10},"end":{"line":268,"column":11}},"locations":[{"start":{"line":258,"column":10},"end":{"line":268,"column":11}}]},"75":{"type":"branch","line":271,"loc":{"start":{"line":271,"column":4},"end":{"line":274,"column":6}},"locations":[{"start":{"line":271,"column":4},"end":{"line":274,"column":6}}]},"76":{"type":"branch","line":182,"loc":{"start":{"line":182,"column":16},"end":{"line":182,"column":86}},"locations":[{"start":{"line":182,"column":16},"end":{"line":182,"column":86}}]},"77":{"type":"branch","line":226,"loc":{"start":{"line":226,"column":26},"end":{"line":234,"column":15}},"locations":[{"start":{"line":226,"column":26},"end":{"line":234,"column":15}}]},"78":{"type":"branch","line":231,"loc":{"start":{"line":231,"column":38},"end":{"line":231,"column":55}},"locations":[{"start":{"line":231,"column":38},"end":{"line":231,"column":55}}]},"79":{"type":"branch","line":237,"loc":{"start":{"line":237,"column":26},"end":{"line":245,"column":15}},"locations":[{"start":{"line":237,"column":26},"end":{"line":245,"column":15}}]},"80":{"type":"branch","line":279,"loc":{"start":{"line":279,"column":26},"end":{"line":309,"column":3}},"locations":[{"start":{"line":279,"column":26},"end":{"line":309,"column":3}}]},"81":{"type":"branch","line":280,"loc":{"start":{"line":280,"column":27},"end":{"line":280,"column":33}},"locations":[{"start":{"line":280,"column":27},"end":{"line":280,"column":33}}]},"82":{"type":"branch","line":289,"loc":{"start":{"line":289,"column":19},"end":{"line":289,"column":56}},"locations":[{"start":{"line":289,"column":19},"end":{"line":289,"column":56}}]},"83":{"type":"branch","line":292,"loc":{"start":{"line":292,"column":15},"end":{"line":292,"column":52}},"locations":[{"start":{"line":292,"column":15},"end":{"line":292,"column":52}}]},"84":{"type":"branch","line":297,"loc":{"start":{"line":297,"column":4},"end":{"line":306,"column":6}},"locations":[{"start":{"line":297,"column":4},"end":{"line":306,"column":6}}]},"85":{"type":"branch","line":312,"loc":{"start":{"line":312,"column":37},"end":{"line":350,"column":5}},"locations":[{"start":{"line":312,"column":37},"end":{"line":350,"column":5}}]},"86":{"type":"branch","line":313,"loc":{"start":{"line":313,"column":4},"end":{"line":347,"column":5}},"locations":[{"start":{"line":313,"column":4},"end":{"line":347,"column":5}}]},"87":{"type":"branch","line":315,"loc":{"start":{"line":315,"column":8},"end":{"line":318,"column":17}},"locations":[{"start":{"line":315,"column":8},"end":{"line":318,"column":17}}]},"88":{"type":"branch","line":321,"loc":{"start":{"line":321,"column":29},"end":{"line":321,"column":43}},"locations":[{"start":{"line":321,"column":29},"end":{"line":321,"column":43}}]},"89":{"type":"branch","line":323,"loc":{"start":{"line":323,"column":21},"end":{"line":332,"column":7}},"locations":[{"start":{"line":323,"column":21},"end":{"line":332,"column":7}}]},"90":{"type":"branch","line":329,"loc":{"start":{"line":329,"column":8},"end":{"line":331,"column":9}},"locations":[{"start":{"line":329,"column":8},"end":{"line":331,"column":9}}]},"91":{"type":"branch","line":328,"loc":{"start":{"line":328,"column":21},"end":{"line":328,"column":69}},"locations":[{"start":{"line":328,"column":21},"end":{"line":328,"column":69}}]},"92":{"type":"branch","line":366,"loc":{"start":{"line":366,"column":26},"end":{"line":366,"column":68}},"locations":[{"start":{"line":366,"column":26},"end":{"line":366,"column":68}}]},"93":{"type":"branch","line":386,"loc":{"start":{"line":386,"column":24},"end":{"line":398,"column":18}},"locations":[{"start":{"line":386,"column":24},"end":{"line":398,"column":18}}]},"94":{"type":"branch","line":387,"loc":{"start":{"line":387,"column":62},"end":{"line":387,"column":80}},"locations":[{"start":{"line":387,"column":62},"end":{"line":387,"column":80}}]},"95":{"type":"branch","line":387,"loc":{"start":{"line":387,"column":71},"end":{"line":387,"column":85}},"locations":[{"start":{"line":387,"column":71},"end":{"line":387,"column":85}}]},"96":{"type":"branch","line":389,"loc":{"start":{"line":389,"column":30},"end":{"line":392,"column":34}},"locations":[{"start":{"line":389,"column":30},"end":{"line":392,"column":34}}]},"97":{"type":"branch","line":391,"loc":{"start":{"line":391,"column":25},"end":{"line":391,"column":39}},"locations":[{"start":{"line":391,"column":25},"end":{"line":391,"column":39}}]},"98":{"type":"branch","line":392,"loc":{"start":{"line":392,"column":18},"end":{"line":394,"column":44}},"locations":[{"start":{"line":392,"column":18},"end":{"line":394,"column":44}}]},"99":{"type":"branch","line":415,"loc":{"start":{"line":415,"column":22},"end":{"line":415,"column":54}},"locations":[{"start":{"line":415,"column":22},"end":{"line":415,"column":54}}]},"100":{"type":"branch","line":417,"loc":{"start":{"line":417,"column":23},"end":{"line":417,"column":65}},"locations":[{"start":{"line":417,"column":23},"end":{"line":417,"column":65}}]},"101":{"type":"branch","line":417,"loc":{"start":{"line":417,"column":40},"end":{"line":417,"column":65}},"locations":[{"start":{"line":417,"column":40},"end":{"line":417,"column":65}}]}},"b":{"0":[0],"1":[51],"2":[47],"3":[1],"4":[50],"5":[6],"6":[10],"7":[3],"8":[7],"9":[10],"10":[9],"11":[10],"12":[3],"13":[7],"14":[10],"15":[9],"16":[1],"17":[1],"18":[0],"19":[0],"20":[0],"21":[3],"22":[2],"23":[1],"24":[0],"25":[3],"26":[1],"27":[2],"28":[1],"29":[1],"30":[1],"31":[24],"32":[12],"33":[10],"34":[13],"35":[3],"36":[0],"37":[0],"38":[2],"39":[1],"40":[0],"41":[1],"42":[2],"43":[0],"44":[0],"45":[6],"46":[0],"47":[1],"48":[1],"49":[5],"50":[6],"51":[5],"52":[4],"53":[2],"54":[1],"55":[4],"56":[1],"57":[3],"58":[0],"59":[1],"60":[4],"61":[1],"62":[1],"63":[0],"64":[0],"65":[5],"66":[1],"67":[4],"68":[4],"69":[0],"70":[0],"71":[2],"72":[1],"73":[0],"74":[0],"75":[0],"76":[1],"77":[2],"78":[1],"79":[1],"80":[1],"81":[0],"82":[0],"83":[0],"84":[0],"85":[10],"86":[1],"87":[0],"88":[0],"89":[1],"90":[0],"91":[1],"92":[3],"93":[31],"94":[16],"95":[15],"96":[15],"97":[1],"98":[16],"99":[23],"100":[20],"101":[0]},"fnMap":{"0":{"name":"ChatBot","decl":{"start":{"line":27,"column":0},"end":{"line":427,"column":1}},"loc":{"start":{"line":27,"column":0},"end":{"line":427,"column":1}},"line":27},"1":{"name":"formatError","decl":{"start":{"line":101,"column":22},"end":{"line":117,"column":3}},"loc":{"start":{"line":101,"column":22},"end":{"line":117,"column":3}},"line":101},"2":{"name":"sendMessage","decl":{"start":{"line":119,"column":22},"end":{"line":136,"column":3}},"loc":{"start":{"line":119,"column":22},"end":{"line":136,"column":3}},"line":119},"3":{"name":"sendMessageNonStreaming","decl":{"start":{"line":138,"column":34},"end":{"line":178,"column":3}},"loc":{"start":{"line":138,"column":34},"end":{"line":178,"column":3}},"line":138},"4":{"name":"sendMessageStreaming","decl":{"start":{"line":180,"column":31},"end":{"line":277,"column":3}},"loc":{"start":{"line":180,"column":31},"end":{"line":277,"column":3}},"line":180},"5":{"name":"handleClearChat","decl":{"start":{"line":279,"column":26},"end":{"line":309,"column":3}},"loc":{"start":{"line":279,"column":26},"end":{"line":309,"column":3}},"line":279},"6":{"name":"CodeBlock","decl":{"start":{"line":313,"column":4},"end":{"line":347,"column":5}},"loc":{"start":{"line":313,"column":4},"end":{"line":347,"column":5}},"line":313},"7":{"name":"onCopy","decl":{"start":{"line":323,"column":21},"end":{"line":332,"column":7}},"loc":{"start":{"line":323,"column":21},"end":{"line":332,"column":7}},"line":323},"8":{"name":"onChange","decl":{"start":{"line":366,"column":26},"end":{"line":366,"column":68}},"loc":{"start":{"line":366,"column":26},"end":{"line":366,"column":68}},"line":366},"9":{"name":"onChange","decl":{"start":{"line":370,"column":44},"end":{"line":370,"column":77}},"loc":{"start":{"line":370,"column":44},"end":{"line":370,"column":77}},"line":370},"10":{"name":"onChange","decl":{"start":{"line":415,"column":22},"end":{"line":415,"column":54}},"loc":{"start":{"line":415,"column":22},"end":{"line":415,"column":54}},"line":415},"11":{"name":"onKeyDown","decl":{"start":{"line":417,"column":23},"end":{"line":417,"column":65}},"loc":{"start":{"line":417,"column":23},"end":{"line":417,"column":65}},"line":417}},"f":{"0":51,"1":3,"2":6,"3":5,"4":1,"5":1,"6":1,"7":1,"8":3,"9":0,"10":23,"11":20}}
}
